


ARM Macro Assembler    Page 1 


    1 00000000         ; Descending order for numbers
    2 00000000         
    3 00000000                 AREA             DESCEND, CODE, READONLY
    4 00000000         ENTRY
    5 00000000 E3A00005 
                       START   MOV              R0, #05     ; count of six numb
                                                            ers
    6 00000004 E3A01005 
                       LOOP3   MOV              R1,#05      ; R1 is second coun
                                                            ter
    7 00000008 E3A02101        MOV              R2, #0x40000000 
                                                            ; data and result
    8 0000000C E5923000 
                       LOOP2   LDR              R3,[R2]
    9 00000010 E2822004        ADD              R2, R2, #04
   10 00000014 E5925000        LDR              R5, [R2]
   11 00000018 E1530005        CMP              R3, R5      ; compare R3 & R5 r
                                                            egisters
   12 0000001C CA000003        BGT              LOOP1
   13 00000020 E5823000        STR              R3, [R2]
   14 00000024 E2422004        SUB              R2, R2, #04
   15 00000028 E5825000        STR              R5, [R2]
   16 0000002C E2822004        ADD              R2, R2, #04
   17 00000030         
   18 00000030 E2411001 
                       LOOP1   SUB              R1, R1, #01
   19 00000034 E3510000        CMP              R1, #00
   20 00000038 1AFFFFF3        BNE              LOOP2
   21 0000003C E2400001        SUB              R0,R0, #01
   22 00000040 E3500000        CMP              R0, #00
   23 00000044 1AFFFFF0        BNE              LOOP2
   24 00000048 EF000011        SWI              &11
   25 0000004C                 END
Command Line: --debug --xref --apcs=interwork --depend=.\descending_order.d -o.
\descending_order.o -IC:\Keil_v5\ARM\RV31\INC -IC:\Keil_v5\ARM\CMSIS\Include -I
C:\Keil_v5\ARM\Inc\Philips --predefine="__EVAL SETA 1" --list=.\descending_orde
r.lst descending_order.asm



ARM Macro Assembler    Page 1 Alphabetic symbol ordering
Relocatable symbols

DESCEND 00000000

Symbol: DESCEND
   Definitions
      At line 3 in file descending_order.asm
   Uses
      None
Comment: DESCEND unused
ENTRY 00000000

Symbol: ENTRY
   Definitions
      At line 4 in file descending_order.asm
   Uses
      None
Comment: ENTRY unused
LOOP1 00000030

Symbol: LOOP1
   Definitions
      At line 18 in file descending_order.asm
   Uses
      At line 12 in file descending_order.asm
Comment: LOOP1 used once
LOOP2 0000000C

Symbol: LOOP2
   Definitions
      At line 8 in file descending_order.asm
   Uses
      At line 20 in file descending_order.asm
      At line 23 in file descending_order.asm

LOOP3 00000004

Symbol: LOOP3
   Definitions
      At line 6 in file descending_order.asm
   Uses
      None
Comment: LOOP3 unused
START 00000000

Symbol: START
   Definitions
      At line 5 in file descending_order.asm
   Uses
      None
Comment: START unused
6 symbols
337 symbols in table
