


ARM Macro Assembler    Page 1 


    1 00000000         ;Write an assembly language program to compute 4x2 +3x..
                       . ... if x is stored in r1. Store the result in r0
    2 00000000         
    3 00000000                 AREA             equation, CODE, READONLY
    4 00000000         ENTRY
    5 00000000         
    6 00000000         start
    7 00000000 E0000191        MUL              r0, r1, r1  ; result <-- x * x
    8 00000004 E3A02004        LDR              r2, =4      ; tmp <-- 4
    9 00000008 E0000092        MUL              r0, r2, r0  ; result <-- 4 * x 
                                                            * x
   10 0000000C E3A02003        LDR              r2, =3      ; tmp <-- 3
   11 00000010 E0020291        MUL              r2, r1, r2  ; tmp <-- x * tmp
   12 00000014 E0800002        ADD              r0, r0, r2  ; result <-- result
                                                             + tmp
   13 00000018 EAFFFFFE 
                       stop    B                stop
   14 0000001C                 END
Command Line: --debug --xref --apcs=interwork --depend=.\equation_example.d -o.
\equation_example.o -IC:\Keil_v5\ARM\RV31\INC -IC:\Keil_v5\ARM\CMSIS\Include -I
C:\Keil_v5\ARM\Inc\Philips --predefine="__EVAL SETA 1" --list=.\equation_exampl
e.lst equation_example.asm



ARM Macro Assembler    Page 1 Alphabetic symbol ordering
Relocatable symbols

ENTRY 00000000

Symbol: ENTRY
   Definitions
      At line 4 in file equation_example.asm
   Uses
      None
Comment: ENTRY unused
equation 00000000

Symbol: equation
   Definitions
      At line 3 in file equation_example.asm
   Uses
      None
Comment: equation unused
start 00000000

Symbol: start
   Definitions
      At line 6 in file equation_example.asm
   Uses
      None
Comment: start unused
stop 00000018

Symbol: stop
   Definitions
      At line 13 in file equation_example.asm
   Uses
      At line 13 in file equation_example.asm
Comment: stop used once
4 symbols
335 symbols in table
