


ARM Macro Assembler    Page 1 


    1 00000000         ;example of 32-bit addition       
    2 00000000                 AREA             add32, CODE, READONLY
    3 00000000 00000000 
                       SWI_WriteC
                               EQU              &0          ; output the charac
                                                            ter in r0 to the sc
                                                            reen
    4 00000000 00000002 
                       SWI_Write0
                               EQU              &2          ; Write a null (0) 
                                                            terminated buffer t
                                                            o the screen
    5 00000000 00000004 
                       SWI_ReadC
                               EQU              &4          ; input character i
                                                            nto r0
    6 00000000 00000011 
                       SWI_Exit
                               EQU              &11         ; finish program
    7 00000000         
    8 00000000         ENTRY
    9 00000000         MAIN
   10 00000000 E59F0024        LDR              R0, =Value1
   11 00000004 E5901000        LDR              R1, [R0]
   12 00000008         
   13 00000008 E2800000        ADD              R0, R0, #0*4
   14 0000000C         
   15 0000000C E5902000        LDR              R2, [R0]
   16 00000010         
   17 00000010 E0811002        ADD              R1, R1, R2
   18 00000014         
   19 00000014 E59F0014        LDR              R0, =Result
   20 00000018         
   21 00000018         
   22 00000018 EF000000        SWI              SWI_WriteC
   23 0000001C EF000011        SWI              &11
   24 00000020         
   25 00000020 37E3C123 
                       Value1  DCD              &37E3C123
   26 00000024 367402AA 
                       Value2  DCD              &367402AA
   27 00000028         
   28 00000028 00000000 
                       Result  DCD              0
   29 0000002C                 END
              00000000 
              00000000 
Command Line: --debug --xref --apcs=interwork --depend=.\example1_32_bit_additi
on.d -o.\example1_32_bit_addition.o -IC:\Keil_v5\ARM\RV31\INC -IC:\Keil_v5\ARM\
CMSIS\Include -IC:\Keil_v5\ARM\Inc\Philips --predefine="__EVAL SETA 1" --list=.
\example1_32_bit_addition.lst Example1_32_bit_addition.asm



ARM Macro Assembler    Page 1 Alphabetic symbol ordering
Relocatable symbols

ENTRY 00000000

Symbol: ENTRY
   Definitions
      At line 8 in file Example1_32_bit_addition.asm
   Uses
      None
Comment: ENTRY unused
MAIN 00000000

Symbol: MAIN
   Definitions
      At line 9 in file Example1_32_bit_addition.asm
   Uses
      None
Comment: MAIN unused
Result 00000028

Symbol: Result
   Definitions
      At line 28 in file Example1_32_bit_addition.asm
   Uses
      At line 19 in file Example1_32_bit_addition.asm
Comment: Result used once
Value1 00000020

Symbol: Value1
   Definitions
      At line 25 in file Example1_32_bit_addition.asm
   Uses
      At line 10 in file Example1_32_bit_addition.asm
Comment: Value1 used once
Value2 00000024

Symbol: Value2
   Definitions
      At line 26 in file Example1_32_bit_addition.asm
   Uses
      None
Comment: Value2 unused
add32 00000000

Symbol: add32
   Definitions
      At line 2 in file Example1_32_bit_addition.asm
   Uses
      None
Comment: add32 unused
6 symbols



ARM Macro Assembler    Page 1 Alphabetic symbol ordering
Absolute symbols

SWI_Exit 00000011

Symbol: SWI_Exit
   Definitions
      At line 6 in file Example1_32_bit_addition.asm
   Uses
      None
Comment: SWI_Exit unused
SWI_ReadC 00000004

Symbol: SWI_ReadC
   Definitions
      At line 5 in file Example1_32_bit_addition.asm
   Uses
      None
Comment: SWI_ReadC unused
SWI_Write0 00000002

Symbol: SWI_Write0
   Definitions
      At line 4 in file Example1_32_bit_addition.asm
   Uses
      None
Comment: SWI_Write0 unused
SWI_WriteC 00000000

Symbol: SWI_WriteC
   Definitions
      At line 3 in file Example1_32_bit_addition.asm
   Uses
      At line 22 in file Example1_32_bit_addition.asm
Comment: SWI_WriteC used once
4 symbols
343 symbols in table
