


ARM Macro Assembler    Page 1 


    1 00000000         ;Write ARM assembly language program to display "Hello W
                       orld"
    2 00000000         
    3 00000000                 AREA             HelloW, CODE, READONLY
    4 00000000 00000000 
                       SWI_WriteC
                               EQU              &0
    5 00000000 00000011 
                       SWI_Exit
                               EQU              &11
    6 00000000                 ENTRY
    7 00000000         
    8 00000000 E28F1010 
                       START   ADR              R1, TEXT
    9 00000004 E4D10001 
                       LOOP    LDRB             R0, [R1], #1
   10 00000008         
   11 00000008 E3500000        CMP              R0, #0
   12 0000000C 1F000000        SWINE            SWI_WriteC
   13 00000010 1AFFFFFB        BNE              LOOP
   14 00000014 EF000011        SWI              SWI_Exit
   15 00000018         
   16 00000018 48 45 4C 
              4C 4F 20 
              57 4F 52 
              4C 44 0A 
              0D 00    TEXT    =                "HELLO WORLD", &0a, &0d, 0
   17 00000026                 END
Command Line: --debug --xref --apcs=interwork --depend=.\helloworld.d -o.\hello
world.o -IC:\Keil_v5\ARM\RV31\INC -IC:\Keil_v5\ARM\CMSIS\Include -IC:\Keil_v5\A
RM\Inc\Philips --predefine="__EVAL SETA 1" --list=.\helloworld.lst helloworld.a
sm



ARM Macro Assembler    Page 1 Alphabetic symbol ordering
Relocatable symbols

HelloW 00000000

Symbol: HelloW
   Definitions
      At line 3 in file helloworld.asm
   Uses
      None
Comment: HelloW unused
LOOP 00000004

Symbol: LOOP
   Definitions
      At line 9 in file helloworld.asm
   Uses
      At line 13 in file helloworld.asm
Comment: LOOP used once
START 00000000

Symbol: START
   Definitions
      At line 8 in file helloworld.asm
   Uses
      None
Comment: START unused
TEXT 00000018

Symbol: TEXT
   Definitions
      At line 16 in file helloworld.asm
   Uses
      At line 8 in file helloworld.asm
Comment: TEXT used once
4 symbols



ARM Macro Assembler    Page 1 Alphabetic symbol ordering
Absolute symbols

SWI_Exit 00000011

Symbol: SWI_Exit
   Definitions
      At line 5 in file helloworld.asm
   Uses
      At line 14 in file helloworld.asm
Comment: SWI_Exit used once
SWI_WriteC 00000000

Symbol: SWI_WriteC
   Definitions
      At line 4 in file helloworld.asm
   Uses
      At line 12 in file helloworld.asm
Comment: SWI_WriteC used once
2 symbols
337 symbols in table
