


ARM Macro Assembler    Page 1 


    1 00000000         ;ASM code to find 0S AND 1S and total count IN EACH BYTE
                       
    2 00000000                 TTL              COUNT
    3 00000000                 AREA             Program, CODE, READONLY
    4 00000000                 ENTRY
    5 00000000 E59F00AC 
                       MAIN    LDR              R0,VALUE1
    6 00000004 E20010FF        AND              R1,R0,#0XFF ;MASK LSB 1ST BYTE
    7 00000008 E3A0A008        MOV              R10,#0X8
    8 0000000C E1B010A1 
                       LABEL1  MOVS             R1,R1,LSR#1
    9 00000010 22822001        ADDCS            R2,R2,#1    ;NO. OF ONES =0xd=1
                                                            3
   10 00000014 32833001        ADDCC            R3,R3,#1    ;NO. OF ZEROS =0x13
                                                            =19
   11 00000018 E24AA001        SUB              R10,R10,#1
   12 0000001C E35A0000        CMP              R10,#0X00
   13 00000020 1AFFFFF9        BNE              LABEL1
   14 00000024         
   15 00000024 E2001CFF        AND              R1,R0,#0XFF00 
                                                            ;MASK LSB 2ND BYTE
   16 00000028 E1A01421        LSR              R1,R1,#8
   17 0000002C E3A0A008        MOV              R10,#0X8
   18 00000030 E1B010A1 
                       LABEL2  MOVS             R1,R1,LSR#1
   19 00000034 22844001        ADDCS            R4,R4,#1    ;NO. OF ONES =0xd=1
                                                            3
   20 00000038 32855001        ADDCC            R5,R5,#1    ;NO. OF ZEROS =0x13
                                                            
   21 0000003C E24AA001        SUB              R10,R10,#1
   22 00000040 E35A0000        CMP              R10,#0X00
   23 00000044 1AFFFFF9        BNE              LABEL2
   24 00000048         
   25 00000048         
   26 00000048 E20018FF        AND              R1,R0,#0XFF0000 
                                                            ;MASK LSB 3RD BYTE
   27 0000004C E1A01821        LSR              R1,R1,#16
   28 00000050 E3A0A008        MOV              R10,#0X8
   29 00000054 E1B010A1 
                       LABEL3  MOVS             R1,R1,LSR#1
   30 00000058 22866001        ADDCS            R6,R6,#1    ;NO. OF ONES =0xd=1
                                                            3
   31 0000005C 32877001        ADDCC            R7,R7,#1    ;NO. OF ZEROS =0x13
                                                            =19
   32 00000060 E24AA001        SUB              R10,R10,#1
   33 00000064 E35A0000        CMP              R10,#0X00
   34 00000068 1AFFFFF9        BNE              LABEL3
   35 0000006C         
   36 0000006C E20014FF        AND              R1,R0,#0XFF000000 
                                                            ;MASK LSB 3RD BYTE
   37 00000070 E1A01C21        LSR              R1,R1,#24
   38 00000074 E3A0A008        MOV              R10,#0X8
   39 00000078 E1B010A1 
                       LABEL4  MOVS             R1,R1,LSR#1
   40 0000007C 22888001        ADDCS            R8,R8,#1    ;NO. OF ONES =0xd=1
                                                            3
   41 00000080 32899001        ADDCC            R9,R9,#1    ;NO. OF ZEROS =0x13
                                                            =19
   42 00000084 E24AA001        SUB              R10,R10,#1



ARM Macro Assembler    Page 2 COUNT


   43 00000088 E35A0000        CMP              R10,#0X00
   44 0000008C 1AFFFFF9        BNE              LABEL4
   45 00000090         
   46 00000090 E082B003        ADD              R11,R2,R3
   47 00000094 E08BB004        ADD              R11,R11,R4
   48 00000098 E08BB005        ADD              R11,R11,R5
   49 0000009C E08BB006        ADD              R11,R11,R6
   50 000000A0 E08BB007        ADD              R11,R11,R7
   51 000000A4 E08BB008        ADD              R11,R11,R8
   52 000000A8 E08BB009        ADD              R11,R11,R9
   53 000000AC E58F1004        STR              R1,RESULT
   54 000000B0 EF000011        SWI              &11
   55 000000B4         
   56 000000B4 12345678 
                       VALUE1  DCD              &12345678
   57 000000B8 00000000 
                       RESULT  DCD              0
   58 000000BC                 END
Command Line: --debug --xref --apcs=interwork --depend=.\number_of_ones_zeros.d
 -o.\number_of_ones_zeros.o -IC:\Keil_v5\ARM\RV31\INC -IC:\Keil_v5\ARM\CMSIS\In
clude -IC:\Keil_v5\ARM\Inc\Philips --predefine="__EVAL SETA 1" --list=.\number_
of_ones_zeros.lst number_of_ones_zeros.asm



ARM Macro Assembler    Page 1 Alphabetic symbol ordering
Relocatable symbols

LABEL1 0000000C

Symbol: LABEL1
   Definitions
      At line 8 in file number_of_ones_zeros.asm
   Uses
      At line 13 in file number_of_ones_zeros.asm
Comment: LABEL1 used once
LABEL2 00000030

Symbol: LABEL2
   Definitions
      At line 18 in file number_of_ones_zeros.asm
   Uses
      At line 23 in file number_of_ones_zeros.asm
Comment: LABEL2 used once
LABEL3 00000054

Symbol: LABEL3
   Definitions
      At line 29 in file number_of_ones_zeros.asm
   Uses
      At line 34 in file number_of_ones_zeros.asm
Comment: LABEL3 used once
LABEL4 00000078

Symbol: LABEL4
   Definitions
      At line 39 in file number_of_ones_zeros.asm
   Uses
      At line 44 in file number_of_ones_zeros.asm
Comment: LABEL4 used once
MAIN 00000000

Symbol: MAIN
   Definitions
      At line 5 in file number_of_ones_zeros.asm
   Uses
      None
Comment: MAIN unused
Program 00000000

Symbol: Program
   Definitions
      At line 3 in file number_of_ones_zeros.asm
   Uses
      None
Comment: Program unused
RESULT 000000B8

Symbol: RESULT
   Definitions
      At line 57 in file number_of_ones_zeros.asm
   Uses
      At line 53 in file number_of_ones_zeros.asm
Comment: RESULT used once
VALUE1 000000B4

Symbol: VALUE1



ARM Macro Assembler    Page 2 Alphabetic symbol ordering
Relocatable symbols

   Definitions
      At line 56 in file number_of_ones_zeros.asm
   Uses
      At line 5 in file number_of_ones_zeros.asm
Comment: VALUE1 used once
8 symbols
339 symbols in table
